<?xml version="1.0" encoding="UTF-8"?>
<!-- Generated by org.testng.reporters.JUnitReportReporter -->
<testsuite skipped="0" hostname="Luthfor" name="variousConcept.LearnTestNG" tests="1" failures="0" timestamp="2021-10-18T23:20:36 CDT" time="6.404" errors="0">
  <testcase name="addCustomer" time="6.404" classname="variousConcept.LearnTestNG"/>
  <system-out/>
</testsuite> <!-- variousConcept.LearnTestNG -->
